{"uuid":"a647c57c-bb2d-440c-b5ad-dd76bdab61be","historyId":"a7120b30fb586f8200302ba4f0eb377","fullName":"src/test/resources/features/newsPage.feature:13","labels":[{"name":"tag","value":"NewsTest"},{"name":"tag","value":"YearNews"},{"name":"host","value":"LAPTOP-65K5U4D1"},{"name":"thread","value":"21996@LAPTOP-65K5U4D1.Test worker(1)"},{"name":"feature","value":"Тестирование новостной страницы сайта"},{"name":"story","value":"Проверка смены года в фильтре новостей"},{"name":"suite","value":"Тестирование новостной страницы сайта"},{"name":"testClass","value":"Проверка смены года в фильтре новостей"},{"name":"framework","value":"cucumber4jvm"},{"name":"language","value":"java"},{"name":"gherkin_uri","value":"file:///C:/Users/BSPB/IdeaProjects/BSBPAutoTest/src/test/resources/features/newsPage.feature"},{"name":"package","value":"src.test.resources.features.newsPage_feature.Тестирование новостной страницы сайта"}],"links":[],"name":"Проверка смены года в фильтре новостей","status":"failed","statusDetails":{"known":false,"muted":false,"flaky":false,"message":"[Дата должна содержать указанный год] \r\nExpecting actual:\r\n  \"06 ДЕКАБРЯ 2023\"\r\nto end with:\r\n  \"2021\"\r\n","trace":"java.lang.AssertionError: [Дата должна содержать указанный год] \r\nExpecting actual:\r\n  \"06 ДЕКАБРЯ 2023\"\r\nto end with:\r\n  \"2021\"\r\n\r\n\tat ru.karpov.NewsPageSteps.все_новости_должны_содержать_в_дате(NewsPageSteps.java:58)\r\n\tat ✽.все новости должны содержать \"2021\" в дате(file:///C:/Users/BSPB/IdeaProjects/BSBPAutoTest/src/test/resources/features/newsPage.feature:8)\r\n"},"stage":"finished","steps":[{"name":"Дано  перейти по url \"https://www.bspb.ru/news?client_type_id=1\"","status":"passed","statusDetails":{"known":false,"muted":false,"flaky":false},"stage":"finished","steps":[],"attachments":[],"parameters":[],"start":1701860438469,"stop":1701860442906},{"name":"Когда  пользователь меняет select на \"2021\"","status":"passed","statusDetails":{"known":false,"muted":false,"flaky":false},"stage":"finished","steps":[],"attachments":[],"parameters":[],"start":1701860442906,"stop":1701860443726},{"name":"Тогда  все новости должны содержать \"2021\" в дате","status":"failed","statusDetails":{"known":false,"muted":false,"flaky":false,"message":"[Дата должна содержать указанный год] \r\nExpecting actual:\r\n  \"06 ДЕКАБРЯ 2023\"\r\nto end with:\r\n  \"2021\"\r\n","trace":"java.lang.AssertionError: [Дата должна содержать указанный год] \r\nExpecting actual:\r\n  \"06 ДЕКАБРЯ 2023\"\r\nto end with:\r\n  \"2021\"\r\n\r\n\tat ru.karpov.NewsPageSteps.все_новости_должны_содержать_в_дате(NewsPageSteps.java:58)\r\n\tat ✽.все новости должны содержать \"2021\" в дате(file:///C:/Users/BSPB/IdeaProjects/BSBPAutoTest/src/test/resources/features/newsPage.feature:8)\r\n"},"stage":"finished","steps":[{"name":"assertThat '06 ДЕКАБРЯ 2023'","status":"passed","stage":"finished","steps":[],"attachments":[],"parameters":[],"start":1701860443816,"stop":1701860443816},{"name":"describedAs 'Дата должна содержать указанный год'","status":"passed","stage":"finished","steps":[],"attachments":[],"parameters":[],"start":1701860443816,"stop":1701860443816},{"name":"endsWith '2021'","status":"failed","statusDetails":{"known":false,"muted":false,"flaky":false,"message":"[Дата должна содержать указанный год] \r\nExpecting actual:\r\n  \"06 ДЕКАБРЯ 2023\"\r\nto end with:\r\n  \"2021\"\r\n","trace":"java.lang.AssertionError: [Дата должна содержать указанный год] \r\nExpecting actual:\r\n  \"06 ДЕКАБРЯ 2023\"\r\nto end with:\r\n  \"2021\"\r\n\r\n\tat ru.karpov.NewsPageSteps.все_новости_должны_содержать_в_дате(NewsPageSteps.java:58)\r\n\tat java.base/jdk.internal.reflect.NativeMethodAccessorImpl.invoke0(Native Method)\r\n\tat java.base/jdk.internal.reflect.NativeMethodAccessorImpl.invoke(NativeMethodAccessorImpl.java:77)\r\n\tat java.base/jdk.internal.reflect.DelegatingMethodAccessorImpl.invoke(DelegatingMethodAccessorImpl.java:43)\r\n\tat java.base/java.lang.reflect.Method.invoke(Method.java:568)\r\n\tat io.cucumber.java.Invoker.doInvoke(Invoker.java:66)\r\n\tat io.cucumber.java.Invoker.invoke(Invoker.java:24)\r\n\tat io.cucumber.java.AbstractGlueDefinition.invokeMethod(AbstractGlueDefinition.java:47)\r\n\tat io.cucumber.java.JavaStepDefinition.execute(JavaStepDefinition.java:29)\r\n\tat io.cucumber.core.runner.CoreStepDefinition.execute(CoreStepDefinition.java:66)\r\n\tat io.cucumber.core.runner.PickleStepDefinitionMatch.runStep(PickleStepDefinitionMatch.java:63)\r\n\tat io.cucumber.core.runner.ExecutionMode$1.execute(ExecutionMode.java:10)\r\n\tat io.cucumber.core.runner.TestStep.executeStep(TestStep.java:84)\r\n\tat io.cucumber.core.runner.TestStep.run(TestStep.java:56)\r\n\tat io.cucumber.core.runner.PickleStepTestStep.run(PickleStepTestStep.java:51)\r\n\tat io.cucumber.core.runner.TestCase.run(TestCase.java:84)\r\n\tat io.cucumber.core.runner.Runner.runPickle(Runner.java:75)\r\n\tat io.cucumber.junit.PickleRunners$NoStepDescriptions.lambda$run$0(PickleRunners.java:151)\r\n\tat io.cucumber.core.runtime.CucumberExecutionContext.lambda$runTestCase$5(CucumberExecutionContext.java:137)\r\n\tat io.cucumber.core.runtime.RethrowingThrowableCollector.executeAndThrow(RethrowingThrowableCollector.java:23)\r\n\tat io.cucumber.core.runtime.CucumberExecutionContext.runTestCase(CucumberExecutionContext.java:137)\r\n\tat io.cucumber.junit.PickleRunners$NoStepDescriptions.run(PickleRunners.java:148)\r\n\tat io.cucumber.junit.FeatureRunner.runChild(FeatureRunner.java:144)\r\n\tat io.cucumber.junit.FeatureRunner.runChild(FeatureRunner.java:28)\r\n\tat org.junit.runners.ParentRunner$4.run(ParentRunner.java:331)\r\n\tat org.junit.runners.ParentRunner$1.schedule(ParentRunner.java:79)\r\n\tat org.junit.runners.ParentRunner.runChildren(ParentRunner.java:329)\r\n\tat org.junit.runners.ParentRunner.access$100(ParentRunner.java:66)\r\n\tat org.junit.runners.ParentRunner$2.evaluate(ParentRunner.java:293)\r\n\tat org.junit.runners.ParentRunner$3.evaluate(ParentRunner.java:306)\r\n\tat org.junit.runners.ParentRunner.run(ParentRunner.java:413)\r\n\tat io.cucumber.junit.FeatureRunner.run(FeatureRunner.java:137)\r\n\tat io.cucumber.junit.Cucumber.runChild(Cucumber.java:196)\r\n\tat io.cucumber.junit.Cucumber.runChild(Cucumber.java:89)\r\n\tat org.junit.runners.ParentRunner$4.run(ParentRunner.java:331)\r\n\tat org.junit.runners.ParentRunner$1.schedule(ParentRunner.java:79)\r\n\tat org.junit.runners.ParentRunner.runChildren(ParentRunner.java:329)\r\n\tat org.junit.runners.ParentRunner.access$100(ParentRunner.java:66)\r\n\tat org.junit.runners.ParentRunner$2.evaluate(ParentRunner.java:293)\r\n\tat io.cucumber.core.runtime.CucumberExecutionContext.lambda$runFeatures$6(CucumberExecutionContext.java:148)\r\n\tat io.cucumber.core.runtime.CucumberExecutionContext.execute(CucumberExecutionContext.java:163)\r\n\tat io.cucumber.core.runtime.CucumberExecutionContext.runFeatures(CucumberExecutionContext.java:146)\r\n\tat io.cucumber.junit.Cucumber$StartAndFinishTestRun.evaluate(Cucumber.java:226)\r\n\tat org.junit.runners.ParentRunner$3.evaluate(ParentRunner.java:306)\r\n\tat org.junit.runners.ParentRunner.run(ParentRunner.java:413)\r\n\tat org.gradle.api.internal.tasks.testing.junit.JUnitTestClassExecutor.runTestClass(JUnitTestClassExecutor.java:112)\r\n\tat org.gradle.api.internal.tasks.testing.junit.JUnitTestClassExecutor.execute(JUnitTestClassExecutor.java:58)\r\n\tat org.gradle.api.internal.tasks.testing.junit.JUnitTestClassExecutor.execute(JUnitTestClassExecutor.java:40)\r\n\tat org.gradle.api.internal.tasks.testing.junit.AbstractJUnitTestClassProcessor.processTestClass(AbstractJUnitTestClassProcessor.java:60)\r\n\tat org.gradle.api.internal.tasks.testing.SuiteTestClassProcessor.processTestClass(SuiteTestClassProcessor.java:52)\r\n\tat java.base/jdk.internal.reflect.NativeMethodAccessorImpl.invoke0(Native Method)\r\n\tat java.base/jdk.internal.reflect.NativeMethodAccessorImpl.invoke(NativeMethodAccessorImpl.java:77)\r\n\tat java.base/jdk.internal.reflect.DelegatingMethodAccessorImpl.invoke(DelegatingMethodAccessorImpl.java:43)\r\n\tat java.base/java.lang.reflect.Method.invoke(Method.java:568)\r\n\tat org.gradle.internal.dispatch.ReflectionDispatch.dispatch(ReflectionDispatch.java:36)\r\n\tat org.gradle.internal.dispatch.ReflectionDispatch.dispatch(ReflectionDispatch.java:24)\r\n\tat org.gradle.internal.dispatch.ContextClassLoaderDispatch.dispatch(ContextClassLoaderDispatch.java:33)\r\n\tat org.gradle.internal.dispatch.ProxyDispatchAdapter$DispatchingInvocationHandler.invoke(ProxyDispatchAdapter.java:94)\r\n\tat jdk.proxy1/jdk.proxy1.$Proxy2.processTestClass(Unknown Source)\r\n\tat org.gradle.api.internal.tasks.testing.worker.TestWorker$2.run(TestWorker.java:176)\r\n\tat org.gradle.api.internal.tasks.testing.worker.TestWorker.executeAndMaintainThreadName(TestWorker.java:129)\r\n\tat org.gradle.api.internal.tasks.testing.worker.TestWorker.execute(TestWorker.java:100)\r\n\tat org.gradle.api.internal.tasks.testing.worker.TestWorker.execute(TestWorker.java:60)\r\n\tat org.gradle.process.internal.worker.child.ActionExecutionWorker.execute(ActionExecutionWorker.java:56)\r\n\tat org.gradle.process.internal.worker.child.SystemApplicationClassLoaderWorker.call(SystemApplicationClassLoaderWorker.java:113)\r\n\tat org.gradle.process.internal.worker.child.SystemApplicationClassLoaderWorker.call(SystemApplicationClassLoaderWorker.java:65)\r\n\tat worker.org.gradle.process.internal.worker.GradleWorkerMain.run(GradleWorkerMain.java:69)\r\n\tat worker.org.gradle.process.internal.worker.GradleWorkerMain.main(GradleWorkerMain.java:74)\r\n"},"stage":"finished","steps":[],"attachments":[],"parameters":[],"start":1701860443816,"stop":1701860443828}],"attachments":[],"parameters":[],"start":1701860443726,"stop":1701860443838},{"name":"Затем  закрыть страницу","status":"skipped","statusDetails":{"known":false,"muted":false,"flaky":false},"stage":"finished","steps":[],"attachments":[],"parameters":[],"start":1701860443839,"stop":1701860443840}],"attachments":[],"parameters":[{"name":"год","value":"\"2021\""}],"start":1701860438469,"stop":1701860443846}